LOGGFIL FOR SOSI->SHAPE KONV
C:\Program Files (x86)\Geodata\SOSI-Shape\bin\Sosi2shp.exe  versjon 3.2 rev. 2015-09-02
GD-lib  versjon 3.2 rev. 2015-09-02

Prosjektfil...................: C:\Users\fjejes\AppData\Local\Temp\GDp3
Inifil for prosjekt...........: sosi2av.ini
Loggfil.......................: C:\FKKOslo\PyScripts\SosiPythonLedning\HS-linjer.log

Nivå..........................: 3

OPPSETT

Flateformat...................: 2
GJEMME_OPPRINNELSE............: 0
Maks_kordelengde..............: 5.000
Maks_retningsendring..........: 5.000
Desimal_Sjekk.................: 0


SOSI-filer:
	C:\FKKOslo\PyScripts\SosiPythonLedning\HS-linjer.sos
SOSIDEF_FIL: C:\Program Files (x86)\Geodata\SOSI-Shape\standard\sosidef40.txt


Resultatfiler (SHAPE Z):
	C:\FKKOslo\PyScripts\SosiPythonLedning\HS-linjerl (LINJE)


KONVERTERING
Start konvertering :
Sun Feb 11 05:45:43 2024

Leser C:\FKKOslo\PyScripts\SosiPythonLedning\HS-linjer.sos

HODE:
..ENHET 0.010000
..TEGNSETT ISO8859-1
..ORIGO-NØ	0	0
..OMRÅDE
...MIN-NØ	6688496	422403
...MAX-NØ	6748262	536171
..KOORDSYS 22


RESULTAT LINJE:
Ant. supportert i SOSI-filene.: 1501
Ant. skrevet..................: 1501
Ant. egenskaper definert......: 17
    LEDNINGNETTVERKSTYPE  T13      1
    TYPEBETEGNELSE        T11      1
    PLASSERING            T43      1
    LEDN_HØYDEREFERANSE   T6       1
    BYGGEÅR               T4       1
    SPENNING              H5       1
    MÅLEMETODE            H2       1
    NØYAKTIGHET           H6       1
    SYNBARHET             H2       1
    H-MÅLEMETODE          H2       1
    H-NØYAKTIGHET         H6       1
    MAX-AVVIK             H6       1
    LENGDE                D8.2     1
    OBJTYPE               T32      1
    PRODUKT               T15      1
    VERSJON               T20      1
    DATAFANGSTDATO        DATOTID  1

OBJTYPEr LINJE og antall lest fra fil:
    LuftledningHSP  1501
